<<<<<<< HEAD
﻿  Projectile.cpp
=======
﻿  ManualRenderer.cpp
C:\Users\S22154781\Downloads\Git\MirersForest\TheForest\TheForest\Vector2.h(8,1): warning C4005: 'print': macro redefinition
C:\Users\S22154781\Downloads\Git\MirersForest\TheForest\TheForest\GameSingletons.h(12,1): message : see previous definition of 'print'
C:\Users\S22154781\Downloads\Git\MirersForest\TheForest\TheForest\Renderers.h(155,24): warning C4244: '=': conversion from 'int' to 'float', possible loss of data
C:\Users\S22154781\Downloads\Git\MirersForest\TheForest\TheForest\Renderers.h(156,18): warning C4244: '=': conversion from 'int' to 'float', possible loss of data
  Projectile.cpp
>>>>>>> memory-leak
C:\Users\S22154781\Downloads\Git\MirersForest\TheForest\TheForest\GameSingletons.h(12,1): warning C4005: 'print': macro redefinition
C:\Users\S22154781\Downloads\Git\MirersForest\TheForest\TheForest\Vector2.h(8,1): message : see previous definition of 'print'
C:\Users\S22154781\Downloads\Git\MirersForest\TheForest\TheForest\Renderers.h(155,24): warning C4244: '=': conversion from 'int' to 'float', possible loss of data
C:\Users\S22154781\Downloads\Git\MirersForest\TheForest\TheForest\Renderers.h(156,18): warning C4244: '=': conversion from 'int' to 'float', possible loss of data
C:\Users\S22154781\Downloads\Git\MirersForest\TheForest\TheForest\Projectile.cpp(49,19): warning C4244: '=': conversion from 'int' to 'float', possible loss of data
C:\Users\S22154781\Downloads\Git\MirersForest\TheForest\TheForest\Projectile.cpp(136,56): warning C4244: '=': conversion from 'long double' to 'float', possible loss of data
<<<<<<< HEAD
  Generating code
  2 of 1197 functions ( 0.2%) were compiled, the rest were copied from previous compilation.
    0 functions were new in current compilation
    3 functions had inline decision re-evaluated but remain unchanged
=======
  SpriteRenderer.cpp
C:\Users\S22154781\Downloads\Git\MirersForest\TheForest\TheForest\Vector2.h(8,1): warning C4005: 'print': macro redefinition
C:\Users\S22154781\Downloads\Git\MirersForest\TheForest\TheForest\GameSingletons.h(12,1): message : see previous definition of 'print'
C:\Users\S22154781\Downloads\Git\MirersForest\TheForest\TheForest\Renderers.h(155,24): warning C4244: '=': conversion from 'int' to 'float', possible loss of data
C:\Users\S22154781\Downloads\Git\MirersForest\TheForest\TheForest\Renderers.h(156,18): warning C4244: '=': conversion from 'int' to 'float', possible loss of data
C:\Users\S22154781\Downloads\Git\MirersForest\TheForest\TheForest\CustomTimer.h(33,39): warning C4244: '=': conversion from 'Uint32' to 'float', possible loss of data
C:\Users\S22154781\Downloads\Git\MirersForest\TheForest\TheForest\SpriteRenderer.cpp(136,24): warning C4244: '=': conversion from 'float' to 'int', possible loss of data
C:\Users\S22154781\Downloads\Git\MirersForest\TheForest\TheForest\SpriteRenderer.cpp(137,24): warning C4244: '=': conversion from 'float' to 'int', possible loss of data
  TextRenderer.cpp
C:\Users\S22154781\Downloads\Git\MirersForest\TheForest\TheForest\Vector2.h(8,1): warning C4005: 'print': macro redefinition
C:\Users\S22154781\Downloads\Git\MirersForest\TheForest\TheForest\GameSingletons.h(12,1): message : see previous definition of 'print'
C:\Users\S22154781\Downloads\Git\MirersForest\TheForest\TheForest\Renderers.h(155,24): warning C4244: '=': conversion from 'int' to 'float', possible loss of data
C:\Users\S22154781\Downloads\Git\MirersForest\TheForest\TheForest\Renderers.h(156,18): warning C4244: '=': conversion from 'int' to 'float', possible loss of data
  WeaponController.cpp
C:\Users\S22154781\Downloads\Git\MirersForest\TheForest\TheForest\GameSingletons.h(12,1): warning C4005: 'print': macro redefinition
C:\Users\S22154781\Downloads\Git\MirersForest\TheForest\TheForest\Vector2.h(8,1): message : see previous definition of 'print'
C:\Users\S22154781\Downloads\Git\MirersForest\TheForest\TheForest\Renderers.h(155,24): warning C4244: '=': conversion from 'int' to 'float', possible loss of data
C:\Users\S22154781\Downloads\Git\MirersForest\TheForest\TheForest\Renderers.h(156,18): warning C4244: '=': conversion from 'int' to 'float', possible loss of data
C:\Program Files\Microsoft Visual Studio\2022\Community\VC\Tools\MSVC\14.37.32822\include\tuple(640,76): warning C4244: '=': conversion from '_Ty' to '_Ty', possible loss of data
          with
          [
              _Ty=int
          ]
          and
          [
              _Ty=float
          ]
C:\Program Files\Microsoft Visual Studio\2022\Community\VC\Tools\MSVC\14.37.32822\include\tuple(641,23): message : see reference to function template instantiation 'std::tuple<float,float,short,float,float> &std::tuple<float,float,short,float,float>::operator =<int,float,short,float,float,0>(std::tuple<int,float,short,float,float> &&) noexcept' being compiled
C:\Users\S22154781\Downloads\Git\MirersForest\TheForest\TheForest\WeaponController.cpp(272,16): message : see reference to function template instantiation 'std::tuple<Projectile::EWeaponTypes,float,float,short,float,float> &std::tuple<Projectile::EWeaponTypes,float,float,short,float,float>::operator =<Projectile::EWeaponTypes,int,float,short,float,float,0>(std::tuple<Projectile::EWeaponTypes,int,float,short,float,float> &&) noexcept' being compiled
C:\Users\S22154781\Downloads\Git\MirersForest\TheForest\TheForest\WeaponController.cpp(272,16): message : see the first reference to 'std::tuple<Projectile::EWeaponTypes,float,float,short,float,float>::operator =' in 'Player::WeaponController::Shotgun'
  Generating code
  14 of 1197 functions ( 1.2%) were compiled, the rest were copied from previous compilation.
    0 functions were new in current compilation
    5 functions had inline decision re-evaluated but remain unchanged
>>>>>>> memory-leak
  Finished generating code
  TheForest.vcxproj -> C:\Users\S22154781\Downloads\Git\MirersForest\TheForest\x64\Release\TheForest.exe
